#
# There is insufficient memory for the Java Runtime Environment to continue.
# Native memory allocation (malloc) failed to allocate 38576 bytes for Chunk::new
# Possible reasons:
#   The system is out of physical RAM or swap space
#   In 32 bit mode, the process size limit was hit
# Possible solutions:
#   Reduce memory load on the system
#   Increase physical memory or swap space
#   Check if swap backing store is full
#   Use 64 bit Java on a 64 bit OS
#   Decrease Java heap size (-Xmx/-Xms)
#   Decrease number of Java threads
#   Decrease Java thread stack sizes (-Xss)
#   Set larger code cache with -XX:ReservedCodeCacheSize=
# This output file may be truncated or incomplete.
#
#  Out of Memory Error (allocation.cpp:323), pid=7636, tid=25232
#
# JRE version: Java(TM) SE Runtime Environment (7.0_67-b01) (build 1.7.0_67-b01)
# Java VM: Java HotSpot(TM) 64-Bit Server VM (24.65-b04 mixed mode windows-amd64 compressed oops)
# Failed to write core dump. Minidumps are not enabled by default on client versions of Windows
#

---------------  T H R E A D  ---------------

Current thread (0x000000000b570800):  JavaThread "C2 CompilerThread1" daemon [_thread_in_native, id=25232, stack(0x000000000bc40000,0x000000000bd40000)]

Stack: [0x000000000bc40000,0x000000000bd40000]

Current CompileTask:
C2:    242    7             sun.nio.cs.UTF_8$Encoder::encode (361 bytes)


---------------  P R O C E S S  ---------------

Java Threads: ( => current thread )
  0x000000000b6ca000 JavaThread "pool-2-thread-1" [_thread_blocked, id=14752, stack(0x000000000c040000,0x000000000c140000)]
  0x000000000b6de800 JavaThread "pool-1-thread-1" [_thread_in_Java, id=24192, stack(0x000000000bf40000,0x000000000c040000)]
  0x000000000b579800 JavaThread "Service Thread" daemon [_thread_blocked, id=21656, stack(0x000000000bd40000,0x000000000be40000)]
=>0x000000000b570800 JavaThread "C2 CompilerThread1" daemon [_thread_in_native, id=25232, stack(0x000000000bc40000,0x000000000bd40000)]
  0x000000000326c800 JavaThread "C2 CompilerThread0" daemon [_thread_blocked, id=18508, stack(0x000000000bb40000,0x000000000bc40000)]
  0x000000000326c000 JavaThread "Attach Listener" daemon [_thread_blocked, id=3252, stack(0x000000000ba40000,0x000000000bb40000)]
  0x0000000003268000 JavaThread "Signal Dispatcher" daemon [_thread_blocked, id=19908, stack(0x000000000b940000,0x000000000ba40000)]
  0x0000000009571800 JavaThread "Finalizer" daemon [_thread_blocked, id=9404, stack(0x000000000b440000,0x000000000b540000)]
  0x000000000956a000 JavaThread "Reference Handler" daemon [_thread_blocked, id=22552, stack(0x000000000b340000,0x000000000b440000)]
  0x0000000003170800 JavaThread "main" [_thread_blocked, id=27368, stack(0x0000000003070000,0x0000000003170000)]

Other Threads:
  0x0000000009566000 VMThread [stack: 0x000000000b240000,0x000000000b340000] [id=10324]
  0x000000000b598800 WatcherThread [stack: 0x000000000be40000,0x000000000bf40000] [id=23772]

VM state:not at safepoint (normal execution)

VM Mutex/Monitor currently owned by a thread: None

Heap
 PSYoungGen      total 38400K, used 7393K [0x00000000eaa80000, 0x00000000ed500000, 0x0000000100000000)
  eden space 33280K, 22% used [0x00000000eaa80000,0x00000000eb1b8458,0x00000000ecb00000)
  from space 5120K, 0% used [0x00000000ed000000,0x00000000ed000000,0x00000000ed500000)
  to   space 5120K, 0% used [0x00000000ecb00000,0x00000000ecb00000,0x00000000ed000000)
 ParOldGen       total 86528K, used 0K [0x00000000c0000000, 0x00000000c5480000, 0x00000000eaa80000)
  object space 86528K, 0% used [0x00000000c0000000,0x00000000c0000000,0x00000000c5480000)
 PSPermGen       total 21504K, used 4618K [0x00000000bae00000, 0x00000000bc300000, 0x00000000c0000000)
  object space 21504K, 21% used [0x00000000bae00000,0x00000000bb282818,0x00000000bc300000)

Card table byte_map: [0x0000000006330000,0x0000000006560000] byte_map_base: 0x0000000005d59000

Polling page: 0x0000000001080000

Code Cache  [0x0000000003270000, 0x00000000034e0000, 0x0000000006270000)
 total_blobs=224 nmethods=14 adapters=163 free_code_cache=48734Kb largest_free_block=49880192

Compilation events (10 events):
Event: 0.076 Thread 0x000000000b570800    3             java.lang.String::indexOf (70 bytes)
Event: 0.077 Thread 0x000000000b570800 nmethod 3 0x00000000032d0f90 code [0x00000000032d10e0, 0x00000000032d1268]
Event: 0.081 Thread 0x000000000326c800    4             java.lang.String::hashCode (55 bytes)
Event: 0.082 Thread 0x000000000b570800    5             java.lang.String::lastIndexOf (52 bytes)
Event: 0.083 Thread 0x000000000326c800 nmethod 4 0x00000000032d0c50 code [0x00000000032d0d80, 0x00000000032d0ed8]
Event: 0.083 Thread 0x000000000b570800 nmethod 5 0x00000000032d0890 code [0x00000000032d09e0, 0x00000000032d0b48]
Event: 0.095 Thread 0x000000000326c800    6             java.lang.String::replace (127 bytes)
Event: 0.100 Thread 0x000000000326c800 nmethod 6 0x00000000032d2190 code [0x00000000032d22e0, 0x00000000032d2718]
Event: 0.108 Thread 0x000000000b570800    7             sun.nio.cs.UTF_8$Encoder::encode (361 bytes)
Event: 0.108 Thread 0x000000000326c800    8             java.lang.String::indexOf (166 bytes)

GC Heap History (0 events):
No events

Deoptimization events (0 events):
No events

Internal exceptions (10 events):
Event: 0.107 Thread 0x0000000003170800 Threw 0x00000000ead86b70 at C:\re\jdk7u67\1368\hotspot\src\share\vm\prims\jvm.cpp:1244
Event: 0.107 Thread 0x0000000003170800 Threw 0x00000000ead89f10 at C:\re\jdk7u67\1368\hotspot\src\share\vm\prims\jvm.cpp:1244
Event: 0.108 Thread 0x0000000003170800 Threw 0x00000000ead8c978 at C:\re\jdk7u67\1368\hotspot\src\share\vm\prims\jvm.cpp:1244
Event: 0.108 Thread 0x0000000003170800 Threw 0x00000000ead8fac8 at C:\re\jdk7u67\1368\hotspot\src\share\vm\prims\jvm.cpp:1244
Event: 0.108 Thread 0x0000000003170800 Threw 0x00000000ead948b0 at C:\re\jdk7u67\1368\hotspot\src\share\vm\prims\jvm.cpp:1244
Event: 0.109 Thread 0x0000000003170800 Threw 0x00000000ead997b0 at C:\re\jdk7u67\1368\hotspot\src\share\vm\prims\jvm.cpp:1244
Event: 0.109 Thread 0x0000000003170800 Threw 0x00000000ead9bb08 at C:\re\jdk7u67\1368\hotspot\src\share\vm\prims\jvm.cpp:1244
Event: 0.109 Thread 0x0000000003170800 Threw 0x00000000ead9e4c8 at C:\re\jdk7u67\1368\hotspot\src\share\vm\prims\jvm.cpp:1244
Event: 0.110 Thread 0x0000000003170800 Threw 0x00000000eada1390 at C:\re\jdk7u67\1368\hotspot\src\share\vm\prims\jvm.cpp:1244
Event: 0.110 Thread 0x0000000003170800 Threw 0x00000000eada3d30 at C:\re\jdk7u67\1368\hotspot\src\share\vm\prims\jvm.cpp:1244

Events (10 events):
Event: 0.110 loading class 0x000000000b5940d0
Event: 0.110 loading class 0x000000000b66b4e0
Event: 0.110 loading class 0x000000000b6354b0
Event: 0.110 loading class 0x000000000b6354b0 done
Event: 0.110 loading class 0x000000000b66b4e0 done
Event: 0.110 loading class 0x000000000b5940d0 done
Event: 0.110 loading class 0x000000000b66b4a0
Event: 0.110 loading class 0x000000000b66b4a0 done
Event: 0.110 loading class 0x000000000b593150
Event: 0.110 loading class 0x000000000b593150 done


Dynamic libraries:
0x00007ff754120000 - 0x00007ff754153000 	D:\Java\Java_jdk\bin\java.exe
0x00007ff87a750000 - 0x00007ff87a911000 	C:\WINDOWS\SYSTEM32\ntdll.dll
0x00007ff87a6a0000 - 0x00007ff87a74d000 	C:\WINDOWS\system32\KERNEL32.DLL
0x00007ff8772a0000 - 0x00007ff877488000 	C:\WINDOWS\system32\KERNELBASE.dll
0x00007ff87a5f0000 - 0x00007ff87a697000 	C:\WINDOWS\system32\ADVAPI32.dll
0x00007ff87a0d0000 - 0x00007ff87a16d000 	C:\WINDOWS\system32\msvcrt.dll
0x00007ff877b50000 - 0x00007ff877bab000 	C:\WINDOWS\system32\sechost.dll
0x00007ff878320000 - 0x00007ff87843c000 	C:\WINDOWS\system32\RPCRT4.dll
0x00007ff878110000 - 0x00007ff878266000 	C:\WINDOWS\system32\USER32.dll
0x00007ff87a3f0000 - 0x00007ff87a576000 	C:\WINDOWS\system32\GDI32.dll
0x00007ff873af0000 - 0x00007ff873d64000 	C:\WINDOWS\WinSxS\amd64_microsoft.windows.common-controls_6595b64144ccf1df_6.0.10586.0_none_8c15ae12515e1c22\COMCTL32.dll
0x00007ff878510000 - 0x00007ff87878d000 	C:\WINDOWS\system32\combase.dll
0x00007ff877490000 - 0x00007ff8774fa000 	C:\WINDOWS\system32\bcryptPrimitives.dll
0x00007ff87a3b0000 - 0x00007ff87a3eb000 	C:\WINDOWS\system32\IMM32.DLL
0x000000005e8a0000 - 0x000000005e972000 	D:\Java\Java_jdk\jre\bin\msvcr100.dll
0x000000005ee50000 - 0x000000005f622000 	D:\Java\Java_jdk\jre\bin\server\jvm.dll
0x00007ff8788f0000 - 0x00007ff8788f8000 	C:\WINDOWS\system32\PSAPI.DLL
0x00007ff863a20000 - 0x00007ff863a29000 	C:\WINDOWS\SYSTEM32\WSOCK32.dll
0x00007ff875440000 - 0x00007ff875463000 	C:\WINDOWS\SYSTEM32\WINMM.dll
0x00007ff87a320000 - 0x00007ff87a38b000 	C:\WINDOWS\system32\WS2_32.dll
0x0000000001570000 - 0x000000000159c000 	C:\WINDOWS\SYSTEM32\WINMMBASE.dll
0x00007ff8770e0000 - 0x00007ff877123000 	C:\WINDOWS\system32\cfgmgr32.dll
0x000000005ed60000 - 0x000000005ed6f000 	D:\Java\Java_jdk\jre\bin\verify.dll
0x000000005ed30000 - 0x000000005ed58000 	D:\Java\Java_jdk\jre\bin\java.dll
0x000000005ed10000 - 0x000000005ed25000 	D:\Java\Java_jdk\jre\bin\zip.dll

VM Arguments:
jvm_args: -Djava.awt.headless=true -Xmx1024M -Dfile.encoding=GBK -Duser.country=CN -Duser.language=zh -Duser.variant 
java_command: com.android.dx.command.Main --dex --num-threads=4 --output D:\Studio_workplace\Day030_FragmentScreanAdapter\app\build\intermediates\pre-dexed\debug\debug_5274a8dc166439e508a1c31cf0a7b1b13e58efdb.jar D:\Studio_workplace\Day030_FragmentScreanAdapter\app\build\intermediates\classes\debug
Launcher Type: SUN_STANDARD

Environment Variables:
JAVA_HOME=D:\Java\Java_jdk
CLASSPATH=D:\Java\Java_jdk\lib
PATH=D:\Java\Java_jdk\bin;C:\Program Files (x86)\Intel\iCLS Client\;C:\Program Files\Intel\iCLS Client\;C:\Program Files (x86)\NVIDIA Corporation\PhysX\Common;C:\WINDOWS\system32;C:\WINDOWS;C:\WINDOWS\System32\Wbem;C:\WINDOWS\System32\WindowsPowerShell\v1.0\;C:\Program Files\Intel\Intel(R) Management Engine Components\DAL;C:\Program Files (x86)\Intel\Intel(R) Management Engine Components\DAL;C:\Program Files\Intel\Intel(R) Management Engine Components\IPT;C:\Program Files (x86)\Intel\Intel(R) Management Engine Components\IPT;C:\Program Files\Intel\WiFi\bin\;C:\Program Files\Common Files\Intel\WirelessCommon\
USERNAME=yufeng
OS=Windows_NT
PROCESSOR_IDENTIFIER=Intel64 Family 6 Model 60 Stepping 3, GenuineIntel



---------------  S Y S T E M  ---------------

OS: Windows 8.1 , 64 bit Build 9600 

CPU:total 8 (4 cores per cpu, 2 threads per core) family 6 model 60 stepping 3, cmov, cx8, fxsr, mmx, sse, sse2, sse3, ssse3, sse4.1, sse4.2, popcnt, avx, avx2, aes, erms, ht, tsc, tscinvbit

Memory: 4k page, physical 8302412k(2196136k free), swap 21346244k(477900k free)

vm_info: Java HotSpot(TM) 64-Bit Server VM (24.65-b04) for windows-amd64 JRE (1.7.0_67-b01), built on Jul 25 2014 08:55:00 by "java_re" with unknown MS VC++:1600

time: Fri Jul 08 15:05:20 2016
elapsed time: 0 seconds

