#
# There is insufficient memory for the Java Runtime Environment to continue.
# Native memory allocation (malloc) failed to allocate 37616 bytes for Chunk::new
# Possible reasons:
#   The system is out of physical RAM or swap space
#   In 32 bit mode, the process size limit was hit
# Possible solutions:
#   Reduce memory load on the system
#   Increase physical memory or swap space
#   Check if swap backing store is full
#   Use 64 bit Java on a 64 bit OS
#   Decrease Java heap size (-Xmx/-Xms)
#   Decrease number of Java threads
#   Decrease Java thread stack sizes (-Xss)
#   Set larger code cache with -XX:ReservedCodeCacheSize=
# This output file may be truncated or incomplete.
#
#  Out of Memory Error (allocation.cpp:323), pid=17856, tid=9132
#
# JRE version: Java(TM) SE Runtime Environment (7.0_67-b01) (build 1.7.0_67-b01)
# Java VM: Java HotSpot(TM) 64-Bit Server VM (24.65-b04 mixed mode windows-amd64 compressed oops)
# Failed to write core dump. Minidumps are not enabled by default on client versions of Windows
#

---------------  T H R E A D  ---------------

Current thread (0x0000000002a7d000):  JavaThread "C2 CompilerThread0" daemon [_thread_in_native, id=9132, stack(0x000000000b360000,0x000000000b460000)]

Stack: [0x000000000b360000,0x000000000b460000]

Current CompileTask:
C2:    404   19             sun.net.www.ParseUtil::encodePath (336 bytes)


---------------  P R O C E S S  ---------------

Java Threads: ( => current thread )
  0x000000000af06800 JavaThread "pool-1-thread-4" [_thread_blocked, id=21500, stack(0x000000000bb60000,0x000000000bc60000)]
  0x000000000af05800 JavaThread "pool-1-thread-3" [_thread_in_Java, id=3796, stack(0x000000000ba60000,0x000000000bb60000)]
  0x000000000af47000 JavaThread "pool-1-thread-2" [_thread_blocked, id=25412, stack(0x000000000b960000,0x000000000ba60000)]
  0x000000000aec1800 JavaThread "pool-2-thread-1" [_thread_blocked, id=24428, stack(0x000000000b860000,0x000000000b960000)]
  0x000000000aebf800 JavaThread "pool-1-thread-1" [_thread_in_vm, id=26960, stack(0x000000000b760000,0x000000000b860000)]
  0x000000000ad92000 JavaThread "Service Thread" daemon [_thread_blocked, id=20128, stack(0x000000000b560000,0x000000000b660000)]
  0x000000000ad91800 JavaThread "C2 CompilerThread1" daemon [_thread_blocked, id=18496, stack(0x000000000b460000,0x000000000b560000)]
=>0x0000000002a7d000 JavaThread "C2 CompilerThread0" daemon [_thread_in_native, id=9132, stack(0x000000000b360000,0x000000000b460000)]
  0x0000000002a7c800 JavaThread "Attach Listener" daemon [_thread_blocked, id=14644, stack(0x000000000b260000,0x000000000b360000)]
  0x0000000002a77000 JavaThread "Signal Dispatcher" daemon [_thread_blocked, id=2320, stack(0x000000000b160000,0x000000000b260000)]
  0x0000000008d81000 JavaThread "Finalizer" daemon [_thread_blocked, id=15816, stack(0x000000000ac60000,0x000000000ad60000)]
  0x0000000008d7a000 JavaThread "Reference Handler" daemon [_thread_blocked, id=1600, stack(0x000000000ab60000,0x000000000ac60000)]
  0x0000000002980800 JavaThread "main" [_thread_blocked, id=8236, stack(0x0000000002880000,0x0000000002980000)]

Other Threads:
  0x0000000008d76000 VMThread [stack: 0x000000000aa60000,0x000000000ab60000] [id=22568]
  0x000000000ada7000 WatcherThread [stack: 0x000000000b660000,0x000000000b760000] [id=18536]

VM state:not at safepoint (normal execution)

VM Mutex/Monitor currently owned by a thread: None

Heap
 PSYoungGen      total 38400K, used 9326K [0x00000000eaa80000, 0x00000000ed500000, 0x0000000100000000)
  eden space 33280K, 28% used [0x00000000eaa80000,0x00000000eb39b818,0x00000000ecb00000)
  from space 5120K, 0% used [0x00000000ed000000,0x00000000ed000000,0x00000000ed500000)
  to   space 5120K, 0% used [0x00000000ecb00000,0x00000000ecb00000,0x00000000ed000000)
 ParOldGen       total 86528K, used 0K [0x00000000c0000000, 0x00000000c5480000, 0x00000000eaa80000)
  object space 86528K, 0% used [0x00000000c0000000,0x00000000c0000000,0x00000000c5480000)
 PSPermGen       total 21504K, used 4976K [0x00000000bae00000, 0x00000000bc300000, 0x00000000c0000000)
  object space 21504K, 23% used [0x00000000bae00000,0x00000000bb2dcc80,0x00000000bc300000)

Card table byte_map: [0x0000000005b40000,0x0000000005d70000] byte_map_base: 0x0000000005569000

Polling page: 0x0000000000cc0000

Code Cache  [0x0000000002a80000, 0x0000000002cf0000, 0x0000000005a80000)
 total_blobs=252 nmethods=18 adapters=187 free_code_cache=48721Kb largest_free_block=49872768

Compilation events (10 events):
Event: 0.319 Thread 0x000000000ad91800 nmethod 13 0x0000000002ae9890 code [0x0000000002ae99c0, 0x0000000002ae9a38]
Event: 0.344 Thread 0x0000000002a7d000   14             com.android.dx.util.ByteArray::getUnsignedByte (14 bytes)
Event: 0.344 Thread 0x0000000002a7d000 nmethod 14 0x0000000002aebf10 code [0x0000000002aec040, 0x0000000002aec0f8]
Event: 0.345 Thread 0x000000000ad91800   15             com.android.dx.rop.cst.CstString::utf8BytesToString (391 bytes)
Event: 0.352 Thread 0x000000000ad91800 nmethod 15 0x0000000002aea3d0 code [0x0000000002aea5c0, 0x0000000002aeaba8]
Event: 0.354 Thread 0x0000000002a7d000   16             java.util.TreeMap::parentOf (13 bytes)
Event: 0.354 Thread 0x0000000002a7d000 nmethod 16 0x0000000002aebb10 code [0x0000000002aebc40, 0x0000000002aebc98]
Event: 0.355 Thread 0x000000000ad91800   17             java.lang.String::startsWith (72 bytes)
Event: 0.357 Thread 0x000000000ad91800 nmethod 17 0x0000000002aeb450 code [0x0000000002aeb5a0, 0x0000000002aeb738]
Event: 0.379 Thread 0x0000000002a7d000   19             sun.net.www.ParseUtil::encodePath (336 bytes)

GC Heap History (0 events):
No events

Deoptimization events (0 events):
No events

Internal exceptions (10 events):
Event: 0.378 Thread 0x000000000af05800 Threw 0x00000000eb0d37f8 at C:\re\jdk7u67\1368\hotspot\src\share\vm\prims\jvm.cpp:1244
Event: 0.379 Thread 0x000000000af05800 Threw 0x00000000eb0d93d0 at C:\re\jdk7u67\1368\hotspot\src\share\vm\prims\jvm.cpp:1244
Event: 0.380 Thread 0x000000000af05800 Threw 0x00000000eb0e1b58 at C:\re\jdk7u67\1368\hotspot\src\share\vm\prims\jvm.cpp:1244
Event: 0.381 Thread 0x000000000af05800 Threw 0x00000000eb0e7910 at C:\re\jdk7u67\1368\hotspot\src\share\vm\prims\jvm.cpp:1244
Event: 0.383 Thread 0x000000000af05800 Threw 0x00000000eb0ec9b0 at C:\re\jdk7u67\1368\hotspot\src\share\vm\prims\jvm.cpp:1244
Event: 0.384 Thread 0x000000000af47000 Threw 0x00000000eb01f0d0 at C:\re\jdk7u67\1368\hotspot\src\share\vm\prims\jvm.cpp:1244
Event: 0.385 Thread 0x000000000af47000 Threw 0x00000000eb024470 at C:\re\jdk7u67\1368\hotspot\src\share\vm\prims\jvm.cpp:1244
Event: 0.385 Thread 0x000000000af47000 Threw 0x00000000eb0263d8 at C:\re\jdk7u67\1368\hotspot\src\share\vm\prims\jvm.cpp:1244
Event: 0.386 Thread 0x000000000af47000 Threw 0x00000000eb02ad30 at C:\re\jdk7u67\1368\hotspot\src\share\vm\prims\jvm.cpp:1244
Event: 0.387 Thread 0x000000000af47000 Threw 0x00000000eb0307a0 at C:\re\jdk7u67\1368\hotspot\src\share\vm\prims\jvm.cpp:1244

Events (10 events):
Event: 0.385 loading class 0x000000000afb12a0 done
Event: 0.385 loading class 0x000000000af04cf0
Event: 0.385 loading class 0x000000000af04cf0 done
Event: 0.386 loading class 0x000000000af7dc00
Event: 0.386 loading class 0x000000000af7dc00 done
Event: 0.387 loading class 0x000000000af053f0
Event: 0.387 loading class 0x000000000af053f0 done
Event: 0.387 loading class 0x000000000af7d990
Event: 0.387 loading class 0x000000000af7d990 done
Event: 0.387 loading class 0x00000000029d83b0


Dynamic libraries:
0x00007ff754120000 - 0x00007ff754153000 	D:\Java\Java_jdk\bin\java.exe
0x00007ff87a750000 - 0x00007ff87a911000 	C:\WINDOWS\SYSTEM32\ntdll.dll
0x00007ff87a6a0000 - 0x00007ff87a74d000 	C:\WINDOWS\system32\KERNEL32.DLL
0x00007ff8772a0000 - 0x00007ff877488000 	C:\WINDOWS\system32\KERNELBASE.dll
0x00007ff87a5f0000 - 0x00007ff87a697000 	C:\WINDOWS\system32\ADVAPI32.dll
0x00007ff87a0d0000 - 0x00007ff87a16d000 	C:\WINDOWS\system32\msvcrt.dll
0x00007ff877b50000 - 0x00007ff877bab000 	C:\WINDOWS\system32\sechost.dll
0x00007ff878320000 - 0x00007ff87843c000 	C:\WINDOWS\system32\RPCRT4.dll
0x00007ff878110000 - 0x00007ff878266000 	C:\WINDOWS\system32\USER32.dll
0x00007ff87a3f0000 - 0x00007ff87a576000 	C:\WINDOWS\system32\GDI32.dll
0x00007ff873af0000 - 0x00007ff873d64000 	C:\WINDOWS\WinSxS\amd64_microsoft.windows.common-controls_6595b64144ccf1df_6.0.10586.0_none_8c15ae12515e1c22\COMCTL32.dll
0x00007ff878510000 - 0x00007ff87878d000 	C:\WINDOWS\system32\combase.dll
0x00007ff877490000 - 0x00007ff8774fa000 	C:\WINDOWS\system32\bcryptPrimitives.dll
0x00007ff87a3b0000 - 0x00007ff87a3eb000 	C:\WINDOWS\system32\IMM32.DLL
0x000000005e8a0000 - 0x000000005e972000 	D:\Java\Java_jdk\jre\bin\msvcr100.dll
0x000000005ee50000 - 0x000000005f622000 	D:\Java\Java_jdk\jre\bin\server\jvm.dll
0x00007ff8788f0000 - 0x00007ff8788f8000 	C:\WINDOWS\system32\PSAPI.DLL
0x00007ff875440000 - 0x00007ff875463000 	C:\WINDOWS\SYSTEM32\WINMM.dll
0x00007ff863a20000 - 0x00007ff863a29000 	C:\WINDOWS\SYSTEM32\WSOCK32.dll
0x00007ff87a320000 - 0x00007ff87a38b000 	C:\WINDOWS\system32\WS2_32.dll
0x00007ff875410000 - 0x00007ff87543c000 	C:\WINDOWS\SYSTEM32\WINMMBASE.dll
0x00007ff8770e0000 - 0x00007ff877123000 	C:\WINDOWS\system32\cfgmgr32.dll
0x000000005ed60000 - 0x000000005ed6f000 	D:\Java\Java_jdk\jre\bin\verify.dll
0x000000005ed30000 - 0x000000005ed58000 	D:\Java\Java_jdk\jre\bin\java.dll
0x000000005ed10000 - 0x000000005ed25000 	D:\Java\Java_jdk\jre\bin\zip.dll
0x000000005ecf0000 - 0x000000005ed09000 	D:\Java\Java_jdk\jre\bin\net.dll
0x00007ff8766a0000 - 0x00007ff8766fc000 	C:\WINDOWS\system32\mswsock.dll
0x000000005ecd0000 - 0x000000005ece1000 	D:\Java\Java_jdk\jre\bin\nio.dll

VM Arguments:
jvm_args: -Djava.awt.headless=true -Xmx1024M -Dfile.encoding=GBK -Duser.country=CN -Duser.language=zh -Duser.variant 
java_command: com.android.dx.command.Main --dex --num-threads=4 --output D:\Studio_workplace\Day030_FragmentScreanAdapter\app\build\intermediates\pre-dexed\debug\com.android.support-animated-vector-drawable-23.4.0_0789888cef4d689b0e705c0c06937102f79f0647.jar D:\Studio_workplace\Day030_FragmentScreanAdapter\app\build\intermediates\exploded-aar\com.android.support\animated-vector-drawable\23.4.0\jars\classes.jar
Launcher Type: SUN_STANDARD

Environment Variables:
JAVA_HOME=D:\Java\Java_jdk
CLASSPATH=D:\Java\Java_jdk\lib
PATH=D:\Java\Java_jdk\bin;C:\Program Files (x86)\Intel\iCLS Client\;C:\Program Files\Intel\iCLS Client\;C:\Program Files (x86)\NVIDIA Corporation\PhysX\Common;C:\WINDOWS\system32;C:\WINDOWS;C:\WINDOWS\System32\Wbem;C:\WINDOWS\System32\WindowsPowerShell\v1.0\;C:\Program Files\Intel\Intel(R) Management Engine Components\DAL;C:\Program Files (x86)\Intel\Intel(R) Management Engine Components\DAL;C:\Program Files\Intel\Intel(R) Management Engine Components\IPT;C:\Program Files (x86)\Intel\Intel(R) Management Engine Components\IPT;C:\Program Files\Intel\WiFi\bin\;C:\Program Files\Common Files\Intel\WirelessCommon\
USERNAME=yufeng
OS=Windows_NT
PROCESSOR_IDENTIFIER=Intel64 Family 6 Model 60 Stepping 3, GenuineIntel



---------------  S Y S T E M  ---------------

OS: Windows 8.1 , 64 bit Build 9600 

CPU:total 8 (4 cores per cpu, 2 threads per core) family 6 model 60 stepping 3, cmov, cx8, fxsr, mmx, sse, sse2, sse3, ssse3, sse4.1, sse4.2, popcnt, avx, avx2, aes, erms, ht, tsc, tscinvbit

Memory: 4k page, physical 8302412k(2090948k free), swap 21346244k(233536k free)

vm_info: Java HotSpot(TM) 64-Bit Server VM (24.65-b04) for windows-amd64 JRE (1.7.0_67-b01), built on Jul 25 2014 08:55:00 by "java_re" with unknown MS VC++:1600

time: Fri Jul 08 15:07:43 2016
elapsed time: 0 seconds

