#
# There is insufficient memory for the Java Runtime Environment to continue.
# Native memory allocation (malloc) failed to allocate 776336 bytes for Chunk::new
# Possible reasons:
#   The system is out of physical RAM or swap space
#   In 32 bit mode, the process size limit was hit
# Possible solutions:
#   Reduce memory load on the system
#   Increase physical memory or swap space
#   Check if swap backing store is full
#   Use 64 bit Java on a 64 bit OS
#   Decrease Java heap size (-Xmx/-Xms)
#   Decrease number of Java threads
#   Decrease Java thread stack sizes (-Xss)
#   Set larger code cache with -XX:ReservedCodeCacheSize=
# This output file may be truncated or incomplete.
#
#  Out of Memory Error (allocation.cpp:323), pid=8704, tid=26788
#
# JRE version: Java(TM) SE Runtime Environment (7.0_67-b01) (build 1.7.0_67-b01)
# Java VM: Java HotSpot(TM) 64-Bit Server VM (24.65-b04 mixed mode windows-amd64 compressed oops)
# Failed to write core dump. Minidumps are not enabled by default on client versions of Windows
#

---------------  T H R E A D  ---------------

Current thread (0x000000000aff2800):  JavaThread "C2 CompilerThread0" daemon [_thread_in_native, id=26788, stack(0x000000000b5c0000,0x000000000b6c0000)]

Stack: [0x000000000b5c0000,0x000000000b6c0000]

Current CompileTask:
C2:   6023  703   !         com.android.dx.cf.code.BytecodeArray::parseInstruction (2764 bytes)


---------------  P R O C E S S  ---------------

Java Threads: ( => current thread )
  0x000000000b131800 JavaThread "pool-1-thread-4" [_thread_in_Java, id=19344, stack(0x000000000bdc0000,0x000000000bec0000)]
  0x000000000b26c000 JavaThread "pool-1-thread-3" [_thread_blocked, id=7548, stack(0x000000000bcc0000,0x000000000bdc0000)]
  0x000000000b3a9800 JavaThread "pool-1-thread-2" [_thread_blocked, id=24060, stack(0x000000000bbc0000,0x000000000bcc0000)]
  0x000000000b0a6000 JavaThread "pool-2-thread-1" [_thread_blocked, id=26208, stack(0x000000000bac0000,0x000000000bbc0000)]
  0x000000000b2f0000 JavaThread "pool-1-thread-1" [_thread_in_Java, id=26628, stack(0x000000000b9c0000,0x000000000bac0000)]
  0x000000000aff4800 JavaThread "Service Thread" daemon [_thread_blocked, id=24880, stack(0x000000000b7c0000,0x000000000b8c0000)]
  0x0000000002ce7000 JavaThread "C2 CompilerThread1" daemon [_thread_in_native, id=24420, stack(0x000000000b6c0000,0x000000000b7c0000)]
=>0x000000000aff2800 JavaThread "C2 CompilerThread0" daemon [_thread_in_native, id=26788, stack(0x000000000b5c0000,0x000000000b6c0000)]
  0x0000000002ce6000 JavaThread "Attach Listener" daemon [_thread_blocked, id=5376, stack(0x000000000b4c0000,0x000000000b5c0000)]
  0x000000000aff2000 JavaThread "Signal Dispatcher" daemon [_thread_blocked, id=19028, stack(0x000000000b3c0000,0x000000000b4c0000)]
  0x0000000008ff1800 JavaThread "Finalizer" daemon [_thread_blocked, id=17384, stack(0x000000000aec0000,0x000000000afc0000)]
  0x0000000008fea000 JavaThread "Reference Handler" daemon [_thread_blocked, id=3416, stack(0x000000000adc0000,0x000000000aec0000)]
  0x0000000002bf0800 JavaThread "main" [_thread_in_Java, id=15500, stack(0x0000000002af0000,0x0000000002bf0000)]

Other Threads:
  0x0000000008fe6000 VMThread [stack: 0x000000000acc0000,0x000000000adc0000] [id=18424]
  0x000000000b008800 WatcherThread [stack: 0x000000000b8c0000,0x000000000b9c0000] [id=13780]

VM state:not at safepoint (normal execution)

VM Mutex/Monitor currently owned by a thread: None

Heap
 PSYoungGen      total 138240K, used 100283K [0x00000000eaa80000, 0x00000000fe680000, 0x0000000100000000)
  eden space 133120K, 71% used [0x00000000eaa80000,0x00000000f0772000,0x00000000f2c80000)
  from space 5120K, 99% used [0x00000000f2c80000,0x00000000f317cc98,0x00000000f3180000)
  to   space 28672K, 0% used [0x00000000fca80000,0x00000000fca80000,0x00000000fe680000)
 ParOldGen       total 86528K, used 47146K [0x00000000c0000000, 0x00000000c5480000, 0x00000000eaa80000)
  object space 86528K, 54% used [0x00000000c0000000,0x00000000c2e0a9d0,0x00000000c5480000)
 PSPermGen       total 21504K, used 6131K [0x00000000bae00000, 0x00000000bc300000, 0x00000000c0000000)
  object space 21504K, 28% used [0x00000000bae00000,0x00000000bb3fcff0,0x00000000bc300000)

Card table byte_map: [0x0000000005db0000,0x0000000005fe0000] byte_map_base: 0x00000000057d9000

Polling page: 0x0000000002690000

Code Cache  [0x0000000002cf0000, 0x0000000002f80000, 0x0000000005cf0000)
 total_blobs=954 nmethods=715 adapters=191 free_code_cache=46604Kb largest_free_block=47675648

Compilation events (10 events):
Event: 5.968 Thread 0x0000000002ce7000 nmethod 723 0x0000000002f6ca90 code [0x0000000002f6cbc0, 0x0000000002f6cc18]
Event: 5.968 Thread 0x0000000002ce7000  724             com.android.dx.ssa.back.FirstFitLocalCombiningAllocator::handleLocalAssociatedParams (132 bytes)
Event: 5.988 Thread 0x0000000002ce7000 nmethod 724 0x0000000002f74b50 code [0x0000000002f74d40, 0x0000000002f75788]
Event: 5.988 Thread 0x0000000002ce7000  725             java.util.TreeMap::getFirstEntry (26 bytes)
Event: 5.989 Thread 0x0000000002ce7000 nmethod 725 0x0000000002f73150 code [0x0000000002f73280, 0x0000000002f73318]
Event: 5.989 Thread 0x0000000002ce7000  726             com.android.dx.rop.cst.CstMemberRef::isCategory2 (2 bytes)
Event: 5.989 Thread 0x0000000002ce7000 nmethod 726 0x0000000002f72f50 code [0x0000000002f73080, 0x0000000002f730d8]
Event: 5.989 Thread 0x0000000002ce7000  727   !         com.android.dx.cf.direct.AttributeFactory::parse (248 bytes)
Event: 5.995 Thread 0x0000000002ce7000 nmethod 727 0x0000000002f6ba90 code [0x0000000002f6bc20, 0x0000000002f6c378]
Event: 5.995 Thread 0x0000000002ce7000  728             com.android.dx.cf.direct.StdAttributeFactory::parse0 (532 bytes)

GC Heap History (10 events):
Event: 0.541 GC heap before
{Heap before GC invocations=1 (full 0):
 PSYoungGen      total 38400K, used 33280K [0x00000000eaa80000, 0x00000000ed500000, 0x0000000100000000)
  eden space 33280K, 100% used [0x00000000eaa80000,0x00000000ecb00000,0x00000000ecb00000)
  from space 5120K, 0% used [0x00000000ed000000,0x00000000ed000000,0x00000000ed500000)
  to   space 5120K, 0% used [0x00000000ecb00000,0x00000000ecb00000,0x00000000ed000000)
 ParOldGen       total 86528K, used 0K [0x00000000c0000000, 0x00000000c5480000, 0x00000000eaa80000)
  object space 86528K, 0% used [0x00000000c0000000,0x00000000c0000000,0x00000000c5480000)
 PSPermGen       total 21504K, used 5749K [0x00000000bae00000, 0x00000000bc300000, 0x00000000c0000000)
  object space 21504K, 26% used [0x00000000bae00000,0x00000000bb39d470,0x00000000bc300000)
Event: 0.577 GC heap after
Heap after GC invocations=1 (full 0):
 PSYoungGen      total 38400K, used 5090K [0x00000000eaa80000, 0x00000000ef580000, 0x0000000100000000)
  eden space 33280K, 0% used [0x00000000eaa80000,0x00000000eaa80000,0x00000000ecb00000)
  from space 5120K, 99% used [0x00000000ecb00000,0x00000000ecff8968,0x00000000ed000000)
  to   space 5120K, 0% used [0x00000000ef080000,0x00000000ef080000,0x00000000ef580000)
 ParOldGen       total 86528K, used 747K [0x00000000c0000000, 0x00000000c5480000, 0x00000000eaa80000)
  object space 86528K, 0% used [0x00000000c0000000,0x00000000c00badd0,0x00000000c5480000)
 PSPermGen       total 21504K, used 5749K [0x00000000bae00000, 0x00000000bc300000, 0x00000000c0000000)
  object space 21504K, 26% used [0x00000000bae00000,0x00000000bb39d470,0x00000000bc300000)
}
Event: 1.022 GC heap before
{Heap before GC invocations=2 (full 0):
 PSYoungGen      total 38400K, used 38370K [0x00000000eaa80000, 0x00000000ef580000, 0x0000000100000000)
  eden space 33280K, 100% used [0x00000000eaa80000,0x00000000ecb00000,0x00000000ecb00000)
  from space 5120K, 99% used [0x00000000ecb00000,0x00000000ecff8968,0x00000000ed000000)
  to   space 5120K, 0% used [0x00000000ef080000,0x00000000ef080000,0x00000000ef580000)
 ParOldGen       total 86528K, used 747K [0x00000000c0000000, 0x00000000c5480000, 0x00000000eaa80000)
  object space 86528K, 0% used [0x00000000c0000000,0x00000000c00badd0,0x00000000c5480000)
 PSPermGen       total 21504K, used 5932K [0x00000000bae00000, 0x00000000bc300000, 0x00000000c0000000)
  object space 21504K, 27% used [0x00000000bae00000,0x00000000bb3cb0c0,0x00000000bc300000)
Event: 1.105 GC heap after
Heap after GC invocations=2 (full 0):
 PSYoungGen      total 71680K, used 5113K [0x00000000eaa80000, 0x00000000ef580000, 0x0000000100000000)
  eden space 66560K, 0% used [0x00000000eaa80000,0x00000000eaa80000,0x00000000eeb80000)
  from space 5120K, 99% used [0x00000000ef080000,0x00000000ef57e5e8,0x00000000ef580000)
  to   space 5120K, 0% used [0x00000000eeb80000,0x00000000eeb80000,0x00000000ef080000)
 ParOldGen       total 86528K, used 4562K [0x00000000c0000000, 0x00000000c5480000, 0x00000000eaa80000)
  object space 86528K, 5% used [0x00000000c0000000,0x00000000c04748e0,0x00000000c5480000)
 PSPermGen       total 21504K, used 5932K [0x00000000bae00000, 0x00000000bc300000, 0x00000000c0000000)
  object space 21504K, 27% used [0x00000000bae00000,0x00000000bb3cb0c0,0x00000000bc300000)
}
Event: 2.159 GC heap before
{Heap before GC invocations=3 (full 0):
 PSYoungGen      total 71680K, used 71673K [0x00000000eaa80000, 0x00000000ef580000, 0x0000000100000000)
  eden space 66560K, 100% used [0x00000000eaa80000,0x00000000eeb80000,0x00000000eeb80000)
  from space 5120K, 99% used [0x00000000ef080000,0x00000000ef57e5e8,0x00000000ef580000)
  to   space 5120K, 0% used [0x00000000eeb80000,0x00000000eeb80000,0x00000000ef080000)
 ParOldGen       total 86528K, used 4562K [0x00000000c0000000, 0x00000000c5480000, 0x00000000eaa80000)
  object space 86528K, 5% used [0x00000000c0000000,0x00000000c04748e0,0x00000000c5480000)
 PSPermGen       total 21504K, used 5990K [0x00000000bae00000, 0x00000000bc300000, 0x00000000c0000000)
  object space 21504K, 27% used [0x00000000bae00000,0x00000000bb3d9a90,0x00000000bc300000)
Event: 2.214 GC heap after
Heap after GC invocations=3 (full 0):
 PSYoungGen      total 71680K, used 5113K [0x00000000eaa80000, 0x00000000f3680000, 0x0000000100000000)
  eden space 66560K, 0% used [0x00000000eaa80000,0x00000000eaa80000,0x00000000eeb80000)
  from space 5120K, 99% used [0x00000000eeb80000,0x00000000ef07e608,0x00000000ef080000)
  to   space 5120K, 0% used [0x00000000f3180000,0x00000000f3180000,0x00000000f3680000)
 ParOldGen       total 86528K, used 14732K [0x00000000c0000000, 0x00000000c5480000, 0x00000000eaa80000)
  object space 86528K, 17% used [0x00000000c0000000,0x00000000c0e631c0,0x00000000c5480000)
 PSPermGen       total 21504K, used 5990K [0x00000000bae00000, 0x00000000bc300000, 0x00000000c0000000)
  object space 21504K, 27% used [0x00000000bae00000,0x00000000bb3d9a90,0x00000000bc300000)
}
Event: 3.777 GC heap before
{Heap before GC invocations=4 (full 0):
 PSYoungGen      total 71680K, used 71673K [0x00000000eaa80000, 0x00000000f3680000, 0x0000000100000000)
  eden space 66560K, 100% used [0x00000000eaa80000,0x00000000eeb80000,0x00000000eeb80000)
  from space 5120K, 99% used [0x00000000eeb80000,0x00000000ef07e608,0x00000000ef080000)
  to   space 5120K, 0% used [0x00000000f3180000,0x00000000f3180000,0x00000000f3680000)
 ParOldGen       total 86528K, used 14732K [0x00000000c0000000, 0x00000000c5480000, 0x00000000eaa80000)
  object space 86528K, 17% used [0x00000000c0000000,0x00000000c0e631c0,0x00000000c5480000)
 PSPermGen       total 21504K, used 6039K [0x00000000bae00000, 0x00000000bc300000, 0x00000000c0000000)
  object space 21504K, 28% used [0x00000000bae00000,0x00000000bb3e5e00,0x00000000bc300000)
Event: 3.808 GC heap after
Heap after GC invocations=4 (full 0):
 PSYoungGen      total 138240K, used 5111K [0x00000000eaa80000, 0x00000000f3680000, 0x0000000100000000)
  eden space 133120K, 0% used [0x00000000eaa80000,0x00000000eaa80000,0x00000000f2c80000)
  from space 5120K, 99% used [0x00000000f3180000,0x00000000f367de30,0x00000000f3680000)
  to   space 5120K, 0% used [0x00000000f2c80000,0x00000000f2c80000,0x00000000f3180000)
 ParOldGen       total 86528K, used 25459K [0x00000000c0000000, 0x00000000c5480000, 0x00000000eaa80000)
  object space 86528K, 29% used [0x00000000c0000000,0x00000000c18dcd78,0x00000000c5480000)
 PSPermGen       total 21504K, used 6039K [0x00000000bae00000, 0x00000000bc300000, 0x00000000c0000000)
  object space 21504K, 28% used [0x00000000bae00000,0x00000000bb3e5e00,0x00000000bc300000)
}
Event: 5.600 GC heap before
{Heap before GC invocations=5 (full 0):
 PSYoungGen      total 138240K, used 138231K [0x00000000eaa80000, 0x00000000f3680000, 0x0000000100000000)
  eden space 133120K, 100% used [0x00000000eaa80000,0x00000000f2c80000,0x00000000f2c80000)
  from space 5120K, 99% used [0x00000000f3180000,0x00000000f367de30,0x00000000f3680000)
  to   space 5120K, 0% used [0x00000000f2c80000,0x00000000f2c80000,0x00000000f3180000)
 ParOldGen       total 86528K, used 25459K [0x00000000c0000000, 0x00000000c5480000, 0x00000000eaa80000)
  object space 86528K, 29% used [0x00000000c0000000,0x00000000c18dcd78,0x00000000c5480000)
 PSPermGen       total 21504K, used 6118K [0x00000000bae00000, 0x00000000bc300000, 0x00000000c0000000)
  object space 21504K, 28% used [0x00000000bae00000,0x00000000bb3f9810,0x00000000bc300000)
Event: 5.719 GC heap after
Heap after GC invocations=5 (full 0):
 PSYoungGen      total 138240K, used 5107K [0x00000000eaa80000, 0x00000000fe680000, 0x0000000100000000)
  eden space 133120K, 0% used [0x00000000eaa80000,0x00000000eaa80000,0x00000000f2c80000)
  from space 5120K, 99% used [0x00000000f2c80000,0x00000000f317cc98,0x00000000f3180000)
  to   space 28672K, 0% used [0x00000000fca80000,0x00000000fca80000,0x00000000fe680000)
 ParOldGen       total 86528K, used 47146K [0x00000000c0000000, 0x00000000c5480000, 0x00000000eaa80000)
  object space 86528K, 54% used [0x00000000c0000000,0x00000000c2e0a9d0,0x00000000c5480000)
 PSPermGen       total 21504K, used 6118K [0x00000000bae00000, 0x00000000bc300000, 0x00000000c0000000)
  object space 21504K, 28% used [0x00000000bae00000,0x00000000bb3f9810,0x00000000bc300000)
}

Deoptimization events (10 events):
Event: 3.152 Thread 0x000000000b3a9800 Uncommon trap: reason=bimorphic action=maybe_recompile pc=0x0000000002e65038 method=com.android.dx.ssa.SCCP.simulatePhi(Lcom/android/dx/ssa/PhiInsn;)V @ 124
Event: 4.279 Thread 0x000000000b131800 Uncommon trap: reason=unreached action=reinterpret pc=0x0000000002e8710c method=com.android.dx.rop.code.LocalItem.compareHandlesNulls(Lcom/android/dx/rop/cst/CstString;Lcom/android/dx/rop/cst/CstString;)I @ 14
Event: 4.279 Thread 0x000000000b131800 Uncommon trap: reason=unreached action=reinterpret pc=0x0000000002e892e4 method=com.android.dx.rop.code.LocalItem.compareHandlesNulls(Lcom/android/dx/rop/cst/CstString;Lcom/android/dx/rop/cst/CstString;)I @ 14
Event: 4.371 Thread 0x000000000b131800 Uncommon trap: reason=unreached action=reinterpret pc=0x0000000002e8c12c method=com.android.dx.rop.code.LocalItem.compareHandlesNulls(Lcom/android/dx/rop/cst/CstString;Lcom/android/dx/rop/cst/CstString;)I @ 14
Event: 4.371 Thread 0x000000000b131800 Uncommon trap: reason=unreached action=reinterpret pc=0x0000000002e302cc method=com.android.dx.rop.code.LocalItem.compareHandlesNulls(Lcom/android/dx/rop/cst/CstString;Lcom/android/dx/rop/cst/CstString;)I @ 14
Event: 5.326 Thread 0x000000000b2f0000 Uncommon trap: reason=unreached action=reinterpret pc=0x0000000002e5582c method=com.android.dx.ssa.MoveParamCombiner$1.visitNonMoveInsn(Lcom/android/dx/ssa/NormalSsaInsn;)V @ 27
Event: 5.394 Thread 0x000000000b131800 Uncommon trap: reason=bimorphic action=maybe_recompile pc=0x0000000002e7efc8 method=com.android.dx.ssa.LiteralOpUpgrader.tryReplacingWithConstant(Lcom/android/dx/ssa/NormalSsaInsn;)Z @ 62
Event: 5.399 Thread 0x000000000b131800 Uncommon trap: reason=bimorphic action=maybe_recompile pc=0x0000000002e7efc8 method=com.android.dx.ssa.LiteralOpUpgrader.tryReplacingWithConstant(Lcom/android/dx/ssa/NormalSsaInsn;)Z @ 62
Event: 5.511 Thread 0x000000000b3a9800 Uncommon trap: reason=null_check action=make_not_entrant pc=0x0000000002e66a4c method=com.android.dx.dex.file.FieldIdsSection.intern(Lcom/android/dx/rop/cst/CstFieldRef;)Lcom/android/dx/dex/file/FieldIdItem; @ 26
Event: 5.565 Thread 0x000000000b131800 Uncommon trap: reason=null_check action=make_not_entrant pc=0x0000000002e66a4c method=com.android.dx.dex.file.FieldIdsSection.intern(Lcom/android/dx/rop/cst/CstFieldRef;)Lcom/android/dx/dex/file/FieldIdItem; @ 26

Internal exceptions (10 events):
Event: 0.762 Thread 0x000000000b2f0000 Threw 0x00000000eaebfc90 at C:\re\jdk7u67\1368\hotspot\src\share\vm\prims\jvm.cpp:1244
Event: 0.962 Thread 0x0000000002bf0800 Threw 0x00000000ec926cb0 at C:\re\jdk7u67\1368\hotspot\src\share\vm\prims\jvm.cpp:1244
Event: 0.963 Thread 0x000000000b3a9800 Implicit null exception at 0x0000000002dba338 to 0x0000000002dbbaf5
Event: 0.976 Thread 0x0000000002bf0800 Threw 0x00000000ec9de500 at C:\re\jdk7u67\1368\hotspot\src\share\vm\prims\jvm.cpp:1244
Event: 1.481 Thread 0x0000000002bf0800 Threw 0x00000000ec40ecd8 at C:\re\jdk7u67\1368\hotspot\src\share\vm\prims\jvm.cpp:1244
Event: 3.869 Thread 0x0000000002bf0800 Threw 0x00000000eaf4d558 at C:\re\jdk7u67\1368\hotspot\src\share\vm\prims\jvm.cpp:1244
Event: 4.279 Thread 0x000000000b131800 Implicit null exception at 0x0000000002e8679c to 0x0000000002e870e1
Event: 4.279 Thread 0x000000000b131800 Implicit null exception at 0x0000000002e89110 to 0x0000000002e892d1
Event: 4.371 Thread 0x000000000b131800 Implicit null exception at 0x0000000002e8b8af to 0x0000000002e8c101
Event: 4.371 Thread 0x000000000b131800 Implicit null exception at 0x0000000002e30159 to 0x0000000002e302b9

Events (10 events):
Event: 5.399 Thread 0x000000000b131800 DEOPT PACKING pc=0x0000000002e7efc8 sp=0x000000000bebea80
Event: 5.399 Thread 0x000000000b131800 DEOPT UNPACKING pc=0x0000000002d275a4 sp=0x000000000bebea00 mode 2
Event: 5.511 Thread 0x000000000b3a9800 Uncommon trap: trap_request=0xfffffff4 fr.pc=0x0000000002e66a4c
Event: 5.511 Thread 0x000000000b3a9800 DEOPT PACKING pc=0x0000000002e66a4c sp=0x000000000bcbf110
Event: 5.511 Thread 0x000000000b3a9800 DEOPT UNPACKING pc=0x0000000002d275a4 sp=0x000000000bcbf098 mode 2
Event: 5.565 Thread 0x000000000b131800 Uncommon trap: trap_request=0xfffffff4 fr.pc=0x0000000002e66a4c
Event: 5.565 Thread 0x000000000b131800 DEOPT PACKING pc=0x0000000002e66a4c sp=0x000000000bebef50
Event: 5.565 Thread 0x000000000b131800 DEOPT UNPACKING pc=0x0000000002d275a4 sp=0x000000000bebeed8 mode 2
Event: 5.600 Executing VM operation: ParallelGCFailedAllocation
Event: 5.719 Executing VM operation: ParallelGCFailedAllocation done


Dynamic libraries:
0x00007ff754120000 - 0x00007ff754153000 	D:\Java\Java_jdk\bin\java.exe
0x00007ff87a750000 - 0x00007ff87a911000 	C:\WINDOWS\SYSTEM32\ntdll.dll
0x00007ff87a6a0000 - 0x00007ff87a74d000 	C:\WINDOWS\system32\KERNEL32.DLL
0x00007ff8772a0000 - 0x00007ff877488000 	C:\WINDOWS\system32\KERNELBASE.dll
0x00007ff87a5f0000 - 0x00007ff87a697000 	C:\WINDOWS\system32\ADVAPI32.dll
0x00007ff87a0d0000 - 0x00007ff87a16d000 	C:\WINDOWS\system32\msvcrt.dll
0x00007ff877b50000 - 0x00007ff877bab000 	C:\WINDOWS\system32\sechost.dll
0x00007ff878320000 - 0x00007ff87843c000 	C:\WINDOWS\system32\RPCRT4.dll
0x00007ff878110000 - 0x00007ff878266000 	C:\WINDOWS\system32\USER32.dll
0x00007ff87a3f0000 - 0x00007ff87a576000 	C:\WINDOWS\system32\GDI32.dll
0x00007ff873af0000 - 0x00007ff873d64000 	C:\WINDOWS\WinSxS\amd64_microsoft.windows.common-controls_6595b64144ccf1df_6.0.10586.0_none_8c15ae12515e1c22\COMCTL32.dll
0x00007ff878510000 - 0x00007ff87878d000 	C:\WINDOWS\system32\combase.dll
0x00007ff877490000 - 0x00007ff8774fa000 	C:\WINDOWS\system32\bcryptPrimitives.dll
0x00007ff87a3b0000 - 0x00007ff87a3eb000 	C:\WINDOWS\system32\IMM32.DLL
0x000000005e8a0000 - 0x000000005e972000 	D:\Java\Java_jdk\jre\bin\msvcr100.dll
0x000000005ee50000 - 0x000000005f622000 	D:\Java\Java_jdk\jre\bin\server\jvm.dll
0x00007ff8788f0000 - 0x00007ff8788f8000 	C:\WINDOWS\system32\PSAPI.DLL
0x00007ff863a20000 - 0x00007ff863a29000 	C:\WINDOWS\SYSTEM32\WSOCK32.dll
0x00007ff87a320000 - 0x00007ff87a38b000 	C:\WINDOWS\system32\WS2_32.dll
0x00007ff875440000 - 0x00007ff875463000 	C:\WINDOWS\SYSTEM32\WINMM.dll
0x00007ff875410000 - 0x00007ff87543c000 	C:\WINDOWS\SYSTEM32\WINMMBASE.dll
0x00007ff8770e0000 - 0x00007ff877123000 	C:\WINDOWS\system32\cfgmgr32.dll
0x000000005ed60000 - 0x000000005ed6f000 	D:\Java\Java_jdk\jre\bin\verify.dll
0x000000005ed30000 - 0x000000005ed58000 	D:\Java\Java_jdk\jre\bin\java.dll
0x000000005ed10000 - 0x000000005ed25000 	D:\Java\Java_jdk\jre\bin\zip.dll
0x000000005ecf0000 - 0x000000005ed09000 	D:\Java\Java_jdk\jre\bin\net.dll
0x00007ff8766a0000 - 0x00007ff8766fc000 	C:\WINDOWS\system32\mswsock.dll
0x000000005ecd0000 - 0x000000005ece1000 	D:\Java\Java_jdk\jre\bin\nio.dll

VM Arguments:
jvm_args: -Djava.awt.headless=true -Xmx1024M -Dfile.encoding=GBK -Duser.country=CN -Duser.language=zh -Duser.variant 
java_command: com.android.dx.command.Main --dex --num-threads=4 --output D:\Studio_workplace\Day030_FragmentScreanAdapter\app\build\intermediates\pre-dexed\debug\com.android.support-support-v4-23.4.0_e87dd3b71d827406b75c979dd673c911cafae546.jar D:\Studio_workplace\Day030_FragmentScreanAdapter\app\build\intermediates\exploded-aar\com.android.support\support-v4\23.4.0\jars\classes.jar
Launcher Type: SUN_STANDARD

Environment Variables:
JAVA_HOME=D:\Java\Java_jdk
CLASSPATH=D:\Java\Java_jdk\lib
PATH=D:\Java\Java_jdk\bin;C:\Program Files (x86)\Intel\iCLS Client\;C:\Program Files\Intel\iCLS Client\;C:\Program Files (x86)\NVIDIA Corporation\PhysX\Common;C:\WINDOWS\system32;C:\WINDOWS;C:\WINDOWS\System32\Wbem;C:\WINDOWS\System32\WindowsPowerShell\v1.0\;C:\Program Files\Intel\Intel(R) Management Engine Components\DAL;C:\Program Files (x86)\Intel\Intel(R) Management Engine Components\DAL;C:\Program Files\Intel\Intel(R) Management Engine Components\IPT;C:\Program Files (x86)\Intel\Intel(R) Management Engine Components\IPT;C:\Program Files\Intel\WiFi\bin\;C:\Program Files\Common Files\Intel\WirelessCommon\
USERNAME=yufeng
OS=Windows_NT
PROCESSOR_IDENTIFIER=Intel64 Family 6 Model 60 Stepping 3, GenuineIntel



---------------  S Y S T E M  ---------------

OS: Windows 8.1 , 64 bit Build 9600 

CPU:total 8 (4 cores per cpu, 2 threads per core) family 6 model 60 stepping 3, cmov, cx8, fxsr, mmx, sse, sse2, sse3, ssse3, sse4.1, sse4.2, popcnt, avx, avx2, aes, erms, ht, tsc, tscinvbit

Memory: 4k page, physical 8302412k(1779320k free), swap 21346244k(5392k free)

vm_info: Java HotSpot(TM) 64-Bit Server VM (24.65-b04) for windows-amd64 JRE (1.7.0_67-b01), built on Jul 25 2014 08:55:00 by "java_re" with unknown MS VC++:1600

time: Fri Jul 08 15:05:26 2016
elapsed time: 6 seconds

