#
# There is insufficient memory for the Java Runtime Environment to continue.
# Native memory allocation (malloc) failed to allocate 159504 bytes for Chunk::new
# Possible reasons:
#   The system is out of physical RAM or swap space
#   In 32 bit mode, the process size limit was hit
# Possible solutions:
#   Reduce memory load on the system
#   Increase physical memory or swap space
#   Check if swap backing store is full
#   Use 64 bit Java on a 64 bit OS
#   Decrease Java heap size (-Xmx/-Xms)
#   Decrease number of Java threads
#   Decrease Java thread stack sizes (-Xss)
#   Set larger code cache with -XX:ReservedCodeCacheSize=
# This output file may be truncated or incomplete.
#
#  Out of Memory Error (allocation.cpp:323), pid=7032, tid=12292
#
# JRE version: Java(TM) SE Runtime Environment (7.0_67-b01) (build 1.7.0_67-b01)
# Java VM: Java HotSpot(TM) 64-Bit Server VM (24.65-b04 mixed mode windows-amd64 compressed oops)
# Failed to write core dump. Minidumps are not enabled by default on client versions of Windows
#

---------------  T H R E A D  ---------------

Current thread (0x0000000002945000):  JavaThread "C2 CompilerThread0" daemon [_thread_in_native, id=12292, stack(0x000000000b240000,0x000000000b340000)]

Stack: [0x000000000b240000,0x000000000b340000]

Current CompileTask:
C2:    772  182             com.android.dx.ssa.SsaMethod::forEachBlockDepthFirst (194 bytes)


---------------  P R O C E S S  ---------------

Java Threads: ( => current thread )
  0x000000000aea4000 JavaThread "pool-1-thread-4" [_thread_in_Java, id=24964, stack(0x000000000ba40000,0x000000000bb40000)]
  0x000000000aea9000 JavaThread "pool-1-thread-3" [_thread_in_Java, id=25168, stack(0x000000000b940000,0x000000000ba40000)]
  0x000000000af4c000 JavaThread "pool-1-thread-2" [_thread_in_vm, id=18692, stack(0x000000000b840000,0x000000000b940000)]
  0x000000000aed5800 JavaThread "pool-2-thread-1" [_thread_blocked, id=7108, stack(0x000000000b740000,0x000000000b840000)]
  0x000000000af68000 JavaThread "pool-1-thread-1" [_thread_in_Java, id=14740, stack(0x000000000b640000,0x000000000b740000)]
  0x000000000294d800 JavaThread "Service Thread" daemon [_thread_blocked, id=25124, stack(0x000000000b440000,0x000000000b540000)]
  0x000000000294c800 JavaThread "C2 CompilerThread1" daemon [_thread_in_native, id=21456, stack(0x000000000b340000,0x000000000b440000)]
=>0x0000000002945000 JavaThread "C2 CompilerThread0" daemon [_thread_in_native, id=12292, stack(0x000000000b240000,0x000000000b340000)]
  0x000000000ac74800 JavaThread "Attach Listener" daemon [_thread_blocked, id=14456, stack(0x000000000b140000,0x000000000b240000)]
  0x0000000002941800 JavaThread "Signal Dispatcher" daemon [_thread_blocked, id=20652, stack(0x000000000b040000,0x000000000b140000)]
  0x0000000008c71800 JavaThread "Finalizer" daemon [_thread_blocked, id=15096, stack(0x000000000ab40000,0x000000000ac40000)]
  0x0000000008c6a000 JavaThread "Reference Handler" daemon [_thread_blocked, id=13600, stack(0x000000000aa40000,0x000000000ab40000)]
  0x0000000002850800 JavaThread "main" [_thread_in_Java, id=16124, stack(0x0000000002390000,0x0000000002490000)]

Other Threads:
  0x0000000008c66000 VMThread [stack: 0x000000000a940000,0x000000000aa40000] [id=5708]
  0x000000000ac87000 WatcherThread [stack: 0x000000000b540000,0x000000000b640000] [id=18900]

VM state:not at safepoint (normal execution)

VM Mutex/Monitor currently owned by a thread: None

Heap
 PSYoungGen      total 38400K, used 13578K [0x00000000eaa80000, 0x00000000ed500000, 0x0000000100000000)
  eden space 33280K, 25% used [0x00000000eaa80000,0x00000000eb2c2e80,0x00000000ecb00000)
  from space 5120K, 99% used [0x00000000ecb00000,0x00000000ecfffce8,0x00000000ed000000)
  to   space 5120K, 0% used [0x00000000ed000000,0x00000000ed000000,0x00000000ed500000)
 ParOldGen       total 86528K, used 320K [0x00000000c0000000, 0x00000000c5480000, 0x00000000eaa80000)
  object space 86528K, 0% used [0x00000000c0000000,0x00000000c0050320,0x00000000c5480000)
 PSPermGen       total 21504K, used 5832K [0x00000000bae00000, 0x00000000bc300000, 0x00000000c0000000)
  object space 21504K, 27% used [0x00000000bae00000,0x00000000bb3b2350,0x00000000bc300000)

Card table byte_map: [0x0000000005a10000,0x0000000005c40000] byte_map_base: 0x0000000005439000

Polling page: 0x00000000008e0000

Code Cache  [0x0000000002950000, 0x0000000002bc0000, 0x0000000005950000)
 total_blobs=418 nmethods=179 adapters=191 free_code_cache=48468Kb largest_free_block=49605888

Compilation events (10 events):
Event: 0.697 Thread 0x0000000002945000 nmethod 177 0x00000000029f6410 code [0x00000000029f6560, 0x00000000029f66f8]
Event: 0.697 Thread 0x0000000002945000  178             java.util.Collections$UnmodifiableCollection$1::hasNext (10 bytes)
Event: 0.697 Thread 0x0000000002945000 nmethod 178 0x00000000029f6110 code [0x00000000029f6260, 0x00000000029f6318]
Event: 0.697 Thread 0x0000000002945000  179             com.android.dx.ssa.DeadCodeRemover$NoSideEffectVisitor::visitNonMoveInsn (28 bytes)
Event: 0.701 Thread 0x0000000002945000 nmethod 179 0x00000000029f5750 code [0x00000000029f58c0, 0x00000000029f5ba8]
Event: 0.701 Thread 0x0000000002945000  180             com.android.dx.ssa.back.LivenessAnalyzer::run (231 bytes)
Event: 0.731 Thread 0x0000000002945000 nmethod 180 0x00000000029fee50 code [0x00000000029ff0c0, 0x00000000029ffe60]
Event: 0.731 Thread 0x0000000002945000  181   !         com.android.dx.ssa.BasicRegisterMapper::map (44 bytes)
Event: 0.733 Thread 0x0000000002945000 nmethod 181 0x00000000029f5310 code [0x00000000029f5460, 0x00000000029f5568]
Event: 0.733 Thread 0x0000000002945000  182             com.android.dx.ssa.SsaMethod::forEachBlockDepthFirst (194 bytes)

GC Heap History (2 events):
Event: 0.625 GC heap before
{Heap before GC invocations=1 (full 0):
 PSYoungGen      total 38400K, used 33280K [0x00000000eaa80000, 0x00000000ed500000, 0x0000000100000000)
  eden space 33280K, 100% used [0x00000000eaa80000,0x00000000ecb00000,0x00000000ecb00000)
  from space 5120K, 0% used [0x00000000ed000000,0x00000000ed000000,0x00000000ed500000)
  to   space 5120K, 0% used [0x00000000ecb00000,0x00000000ecb00000,0x00000000ed000000)
 ParOldGen       total 86528K, used 0K [0x00000000c0000000, 0x00000000c5480000, 0x00000000eaa80000)
  object space 86528K, 0% used [0x00000000c0000000,0x00000000c0000000,0x00000000c5480000)
 PSPermGen       total 21504K, used 5757K [0x00000000bae00000, 0x00000000bc300000, 0x00000000c0000000)
  object space 21504K, 26% used [0x00000000bae00000,0x00000000bb39f748,0x00000000bc300000)
Event: 0.660 GC heap after
Heap after GC invocations=1 (full 0):
 PSYoungGen      total 38400K, used 5119K [0x00000000eaa80000, 0x00000000ed500000, 0x0000000100000000)
  eden space 33280K, 0% used [0x00000000eaa80000,0x00000000eaa80000,0x00000000ecb00000)
  from space 5120K, 99% used [0x00000000ecb00000,0x00000000ecfffce8,0x00000000ed000000)
  to   space 5120K, 0% used [0x00000000ed000000,0x00000000ed000000,0x00000000ed500000)
 ParOldGen       total 86528K, used 320K [0x00000000c0000000, 0x00000000c5480000, 0x00000000eaa80000)
  object space 86528K, 0% used [0x00000000c0000000,0x00000000c0050320,0x00000000c5480000)
 PSPermGen       total 21504K, used 5757K [0x00000000bae00000, 0x00000000bc300000, 0x00000000c0000000)
  object space 21504K, 26% used [0x00000000bae00000,0x00000000bb39f748,0x00000000bc300000)
}

Deoptimization events (3 events):
Event: 0.454 Thread 0x0000000002850800 Uncommon trap: reason=class_check action=maybe_recompile pc=0x00000000029ccab4 method=com.android.dx.ssa.NormalSsaInsn.accept(Lcom/android/dx/ssa/SsaInsn$Visitor;)V @ 9
Event: 0.463 Thread 0x000000000aea9000 Uncommon trap: reason=class_check action=maybe_recompile pc=0x00000000029ccab4 method=com.android.dx.ssa.NormalSsaInsn.accept(Lcom/android/dx/ssa/SsaInsn$Visitor;)V @ 9
Event: 0.512 Thread 0x000000000aea4000 Uncommon trap: reason=class_check action=maybe_recompile pc=0x00000000029ccab4 method=com.android.dx.ssa.NormalSsaInsn.accept(Lcom/android/dx/ssa/SsaInsn$Visitor;)V @ 9

Internal exceptions (10 events):
Event: 0.421 Thread 0x000000000aea9000 Threw 0x00000000ebfdedc8 at C:\re\jdk7u67\1368\hotspot\src\share\vm\prims\jvm.cpp:1244
Event: 0.422 Thread 0x000000000af4c000 Threw 0x00000000ebc8deb0 at C:\re\jdk7u67\1368\hotspot\src\share\vm\prims\jvm.cpp:1244
Event: 0.423 Thread 0x0000000002850800 Threw 0x00000000ec1b51b0 at C:\re\jdk7u67\1368\hotspot\src\share\vm\prims\jvm.cpp:1244
Event: 0.424 Thread 0x0000000002850800 Threw 0x00000000ec1baaf0 at C:\re\jdk7u67\1368\hotspot\src\share\vm\prims\jvm.cpp:1244
Event: 0.424 Thread 0x0000000002850800 Threw 0x00000000ec1c0108 at C:\re\jdk7u67\1368\hotspot\src\share\vm\prims\jvm.cpp:1244
Event: 0.427 Thread 0x0000000002850800 Threw 0x00000000ec1ccca0 at C:\re\jdk7u67\1368\hotspot\src\share\vm\prims\jvm.cpp:1244
Event: 0.427 Thread 0x0000000002850800 Threw 0x00000000ec1cef60 at C:\re\jdk7u67\1368\hotspot\src\share\vm\prims\jvm.cpp:1244
Event: 0.462 Thread 0x000000000af68000 Threw 0x00000000ec23a800 at C:\re\jdk7u67\1368\hotspot\src\share\vm\prims\jvm.cpp:1244
Event: 0.515 Thread 0x0000000002850800 Threw 0x00000000ec654740 at C:\re\jdk7u67\1368\hotspot\src\share\vm\prims\jvm.cpp:1244
Event: 0.765 Thread 0x000000000aea4000 Threw 0x00000000eae26118 at C:\re\jdk7u67\1368\hotspot\src\share\vm\prims\jvm.cpp:1244

Events (10 events):
Event: 0.514 loading class 0x000000000af372a0
Event: 0.514 loading class 0x000000000af372a0 done
Event: 0.611 Executing VM operation: ParallelGCFailedAllocation
Event: 0.660 Executing VM operation: ParallelGCFailedAllocation done
Event: 0.765 loading class 0x000000000aead300
Event: 0.765 loading class 0x000000000aead300 done
Event: 0.769 loading class 0x00000000028d2830
Event: 0.769 loading class 0x00000000028d2830 done
Event: 0.769 loading class 0x00000000028d2800
Event: 0.769 loading class 0x00000000028d2800 done


Dynamic libraries:
0x00007ff754120000 - 0x00007ff754153000 	D:\Java\Java_jdk\bin\java.exe
0x00007ff87a750000 - 0x00007ff87a911000 	C:\WINDOWS\SYSTEM32\ntdll.dll
0x00007ff87a6a0000 - 0x00007ff87a74d000 	C:\WINDOWS\system32\KERNEL32.DLL
0x00007ff8772a0000 - 0x00007ff877488000 	C:\WINDOWS\system32\KERNELBASE.dll
0x00007ff87a5f0000 - 0x00007ff87a697000 	C:\WINDOWS\system32\ADVAPI32.dll
0x00007ff87a0d0000 - 0x00007ff87a16d000 	C:\WINDOWS\system32\msvcrt.dll
0x00007ff877b50000 - 0x00007ff877bab000 	C:\WINDOWS\system32\sechost.dll
0x00007ff878320000 - 0x00007ff87843c000 	C:\WINDOWS\system32\RPCRT4.dll
0x00007ff878110000 - 0x00007ff878266000 	C:\WINDOWS\system32\USER32.dll
0x00007ff87a3f0000 - 0x00007ff87a576000 	C:\WINDOWS\system32\GDI32.dll
0x00007ff873af0000 - 0x00007ff873d64000 	C:\WINDOWS\WinSxS\amd64_microsoft.windows.common-controls_6595b64144ccf1df_6.0.10586.0_none_8c15ae12515e1c22\COMCTL32.dll
0x00007ff878510000 - 0x00007ff87878d000 	C:\WINDOWS\system32\combase.dll
0x00007ff877490000 - 0x00007ff8774fa000 	C:\WINDOWS\system32\bcryptPrimitives.dll
0x00007ff87a3b0000 - 0x00007ff87a3eb000 	C:\WINDOWS\system32\IMM32.DLL
0x000000005e8a0000 - 0x000000005e972000 	D:\Java\Java_jdk\jre\bin\msvcr100.dll
0x000000005ee50000 - 0x000000005f622000 	D:\Java\Java_jdk\jre\bin\server\jvm.dll
0x00007ff8788f0000 - 0x00007ff8788f8000 	C:\WINDOWS\system32\PSAPI.DLL
0x00007ff863a20000 - 0x00007ff863a29000 	C:\WINDOWS\SYSTEM32\WSOCK32.dll
0x00007ff875440000 - 0x00007ff875463000 	C:\WINDOWS\SYSTEM32\WINMM.dll
0x00007ff87a320000 - 0x00007ff87a38b000 	C:\WINDOWS\system32\WS2_32.dll
0x00007ff875410000 - 0x00007ff87543c000 	C:\WINDOWS\SYSTEM32\WINMMBASE.dll
0x00007ff8770e0000 - 0x00007ff877123000 	C:\WINDOWS\system32\cfgmgr32.dll
0x000000005ed60000 - 0x000000005ed6f000 	D:\Java\Java_jdk\jre\bin\verify.dll
0x000000005ed30000 - 0x000000005ed58000 	D:\Java\Java_jdk\jre\bin\java.dll
0x000000005ed10000 - 0x000000005ed25000 	D:\Java\Java_jdk\jre\bin\zip.dll
0x000000005ecf0000 - 0x000000005ed09000 	D:\Java\Java_jdk\jre\bin\net.dll
0x00007ff8766a0000 - 0x00007ff8766fc000 	C:\WINDOWS\system32\mswsock.dll
0x000000005ecd0000 - 0x000000005ece1000 	D:\Java\Java_jdk\jre\bin\nio.dll

VM Arguments:
jvm_args: -Djava.awt.headless=true -Xmx1024M -Dfile.encoding=GBK -Duser.country=CN -Duser.language=zh -Duser.variant 
java_command: com.android.dx.command.Main --dex --num-threads=4 --output D:\Studio_workplace\Day030_FragmentScreanAdapter\app\build\intermediates\pre-dexed\debug\com.android.support-support-v4-23.4.0_e87dd3b71d827406b75c979dd673c911cafae546.jar D:\Studio_workplace\Day030_FragmentScreanAdapter\app\build\intermediates\exploded-aar\com.android.support\support-v4\23.4.0\jars\classes.jar
Launcher Type: SUN_STANDARD

Environment Variables:
JAVA_HOME=D:\Java\Java_jdk
CLASSPATH=D:\Java\Java_jdk\lib
PATH=D:\Java\Java_jdk\bin;C:\Program Files (x86)\Intel\iCLS Client\;C:\Program Files\Intel\iCLS Client\;C:\Program Files (x86)\NVIDIA Corporation\PhysX\Common;C:\WINDOWS\system32;C:\WINDOWS;C:\WINDOWS\System32\Wbem;C:\WINDOWS\System32\WindowsPowerShell\v1.0\;C:\Program Files\Intel\Intel(R) Management Engine Components\DAL;C:\Program Files (x86)\Intel\Intel(R) Management Engine Components\DAL;C:\Program Files\Intel\Intel(R) Management Engine Components\IPT;C:\Program Files (x86)\Intel\Intel(R) Management Engine Components\IPT;C:\Program Files\Intel\WiFi\bin\;C:\Program Files\Common Files\Intel\WirelessCommon\
USERNAME=yufeng
OS=Windows_NT
PROCESSOR_IDENTIFIER=Intel64 Family 6 Model 60 Stepping 3, GenuineIntel



---------------  S Y S T E M  ---------------

OS: Windows 8.1 , 64 bit Build 9600 

CPU:total 8 (4 cores per cpu, 2 threads per core) family 6 model 60 stepping 3, cmov, cx8, fxsr, mmx, sse, sse2, sse3, ssse3, sse4.1, sse4.2, popcnt, avx, avx2, aes, erms, ht, tsc, tscinvbit

Memory: 4k page, physical 8302412k(1913060k free), swap 21346244k(82176k free)

vm_info: Java HotSpot(TM) 64-Bit Server VM (24.65-b04) for windows-amd64 JRE (1.7.0_67-b01), built on Jul 25 2014 08:55:00 by "java_re" with unknown MS VC++:1600

time: Fri Jul 08 15:08:35 2016
elapsed time: 0 seconds

