#
# There is insufficient memory for the Java Runtime Environment to continue.
# Native memory allocation (malloc) failed to allocate 373776 bytes for Chunk::new
# Possible reasons:
#   The system is out of physical RAM or swap space
#   In 32 bit mode, the process size limit was hit
# Possible solutions:
#   Reduce memory load on the system
#   Increase physical memory or swap space
#   Check if swap backing store is full
#   Use 64 bit Java on a 64 bit OS
#   Decrease Java heap size (-Xmx/-Xms)
#   Decrease number of Java threads
#   Decrease Java thread stack sizes (-Xss)
#   Set larger code cache with -XX:ReservedCodeCacheSize=
# This output file may be truncated or incomplete.
#
#  Out of Memory Error (allocation.cpp:323), pid=19824, tid=13568
#
# JRE version: Java(TM) SE Runtime Environment (7.0_67-b01) (build 1.7.0_67-b01)
# Java VM: Java HotSpot(TM) 64-Bit Server VM (24.65-b04 mixed mode windows-amd64 compressed oops)
# Failed to write core dump. Minidumps are not enabled by default on client versions of Windows
#

---------------  T H R E A D  ---------------

Current thread (0x0000000002e69800):  JavaThread "C2 CompilerThread1" daemon [_thread_in_native, id=13568, stack(0x000000000b850000,0x000000000b950000)]

Stack: [0x000000000b850000,0x000000000b950000]

Current CompileTask:
C2:    750  166             com.android.dx.ssa.SsaConverter::placePhiFunctions (394 bytes)


---------------  P R O C E S S  ---------------

Java Threads: ( => current thread )
  0x000000000b47a000 JavaThread "pool-1-thread-4" [_thread_in_vm, id=21852, stack(0x000000000bf50000,0x000000000c050000)]
  0x000000000b46f800 JavaThread "pool-1-thread-3" [_thread_in_Java, id=8364, stack(0x000000000be50000,0x000000000bf50000)]
  0x000000000b470800 JavaThread "pool-1-thread-2" [_thread_in_Java, id=7536, stack(0x000000000bd50000,0x000000000be50000)]
  0x000000000b235800 JavaThread "pool-2-thread-1" [_thread_blocked, id=3300, stack(0x000000000bc50000,0x000000000bd50000)]
  0x000000000b43e800 JavaThread "pool-1-thread-1" [_thread_in_vm, id=9924, stack(0x000000000bb50000,0x000000000bc50000)]
  0x0000000002e6d800 JavaThread "Service Thread" daemon [_thread_blocked, id=10432, stack(0x000000000b950000,0x000000000ba50000)]
=>0x0000000002e69800 JavaThread "C2 CompilerThread1" daemon [_thread_in_native, id=13568, stack(0x000000000b850000,0x000000000b950000)]
  0x0000000002e65000 JavaThread "C2 CompilerThread0" daemon [_thread_in_native, id=18556, stack(0x000000000b750000,0x000000000b850000)]
  0x000000000b184800 JavaThread "Attach Listener" daemon [_thread_blocked, id=11632, stack(0x000000000b650000,0x000000000b750000)]
  0x0000000002e60800 JavaThread "Signal Dispatcher" daemon [_thread_blocked, id=1156, stack(0x000000000b550000,0x000000000b650000)]
  0x0000000009170800 JavaThread "Finalizer" daemon [_thread_blocked, id=4812, stack(0x000000000b050000,0x000000000b150000)]
  0x000000000916a000 JavaThread "Reference Handler" daemon [_thread_blocked, id=24288, stack(0x000000000af50000,0x000000000b050000)]
  0x0000000002d70800 JavaThread "main" [_thread_in_Java, id=32, stack(0x0000000002c70000,0x0000000002d70000)]

Other Threads:
  0x0000000009166000 VMThread [stack: 0x000000000ae50000,0x000000000af50000] [id=9712]
  0x0000000002e6e800 WatcherThread [stack: 0x000000000ba50000,0x000000000bb50000] [id=19932]

VM state:not at safepoint (normal execution)

VM Mutex/Monitor currently owned by a thread: None

Heap
 PSYoungGen      total 38400K, used 10174K [0x00000000eaa80000, 0x00000000ed500000, 0x0000000100000000)
  eden space 33280K, 15% used [0x00000000eaa80000,0x00000000eaf74370,0x00000000ecb00000)
  from space 5120K, 99% used [0x00000000ecb00000,0x00000000ecffb5a8,0x00000000ed000000)
  to   space 5120K, 0% used [0x00000000ed000000,0x00000000ed000000,0x00000000ed500000)
 ParOldGen       total 86528K, used 1309K [0x00000000c0000000, 0x00000000c5480000, 0x00000000eaa80000)
  object space 86528K, 1% used [0x00000000c0000000,0x00000000c01476a0,0x00000000c5480000)
 PSPermGen       total 21504K, used 5866K [0x00000000bae00000, 0x00000000bc300000, 0x00000000c0000000)
  object space 21504K, 27% used [0x00000000bae00000,0x00000000bb3baa90,0x00000000bc300000)

Card table byte_map: [0x0000000005f30000,0x0000000006160000] byte_map_base: 0x0000000005959000

Polling page: 0x0000000001080000

Code Cache  [0x0000000002e70000, 0x00000000030e0000, 0x0000000005e70000)
 total_blobs=425 nmethods=186 adapters=191 free_code_cache=48479Kb largest_free_block=49622272

Compilation events (10 events):
Event: 0.739 Thread 0x0000000002e65000 nmethod 183 0x0000000002f138d0 code [0x0000000002f13a20, 0x0000000002f13ad8]
Event: 0.739 Thread 0x0000000002e65000  184             com.android.dx.ssa.DeadCodeRemover$NoSideEffectVisitor::visitNonMoveInsn (28 bytes)
Event: 0.744 Thread 0x0000000002e65000 nmethod 184 0x0000000002f1af50 code [0x0000000002f1b0c0, 0x0000000002f1b3a8]
Event: 0.744 Thread 0x0000000002e65000  185             com.android.dx.rop.cst.CstType::compareTo0 (25 bytes)
Event: 0.745 Thread 0x0000000002e65000 nmethod 185 0x0000000002f13450 code [0x0000000002f135a0, 0x0000000002f13778]
Event: 0.745 Thread 0x0000000002e65000  186             com.android.dx.util.FixedSizeList::getOrNull0 (7 bytes)
Event: 0.745 Thread 0x0000000002e65000 nmethod 186 0x0000000002f14e50 code [0x0000000002f14f80, 0x0000000002f15018]
Event: 0.745 Thread 0x0000000002e65000  187             com.android.dx.ssa.NormalSsaInsn::isNormalMoveInsn (20 bytes)
Event: 0.746 Thread 0x0000000002e65000 nmethod 187 0x0000000002f1b910 code [0x0000000002f1ba40, 0x0000000002f1bab8]
Event: 0.746 Thread 0x0000000002e65000  188             com.android.dx.ssa.SsaMethod::forEachBlockDepthFirst (194 bytes)

GC Heap History (2 events):
Event: 0.680 GC heap before
{Heap before GC invocations=1 (full 0):
 PSYoungGen      total 38400K, used 33280K [0x00000000eaa80000, 0x00000000ed500000, 0x0000000100000000)
  eden space 33280K, 100% used [0x00000000eaa80000,0x00000000ecb00000,0x00000000ecb00000)
  from space 5120K, 0% used [0x00000000ed000000,0x00000000ed000000,0x00000000ed500000)
  to   space 5120K, 0% used [0x00000000ecb00000,0x00000000ecb00000,0x00000000ed000000)
 ParOldGen       total 86528K, used 0K [0x00000000c0000000, 0x00000000c5480000, 0x00000000eaa80000)
  object space 86528K, 0% used [0x00000000c0000000,0x00000000c0000000,0x00000000c5480000)
 PSPermGen       total 21504K, used 5819K [0x00000000bae00000, 0x00000000bc300000, 0x00000000c0000000)
  object space 21504K, 27% used [0x00000000bae00000,0x00000000bb3aef70,0x00000000bc300000)
Event: 0.697 GC heap after
Heap after GC invocations=1 (full 0):
 PSYoungGen      total 38400K, used 5101K [0x00000000eaa80000, 0x00000000ed500000, 0x0000000100000000)
  eden space 33280K, 0% used [0x00000000eaa80000,0x00000000eaa80000,0x00000000ecb00000)
  from space 5120K, 99% used [0x00000000ecb00000,0x00000000ecffb5a8,0x00000000ed000000)
  to   space 5120K, 0% used [0x00000000ed000000,0x00000000ed000000,0x00000000ed500000)
 ParOldGen       total 86528K, used 1309K [0x00000000c0000000, 0x00000000c5480000, 0x00000000eaa80000)
  object space 86528K, 1% used [0x00000000c0000000,0x00000000c01476a0,0x00000000c5480000)
 PSPermGen       total 21504K, used 5819K [0x00000000bae00000, 0x00000000bc300000, 0x00000000c0000000)
  object space 21504K, 27% used [0x00000000bae00000,0x00000000bb3aef70,0x00000000bc300000)
}

Deoptimization events (2 events):
Event: 0.496 Thread 0x000000000b470800 Uncommon trap: reason=class_check action=maybe_recompile pc=0x0000000002ee6e34 method=com.android.dx.ssa.NormalSsaInsn.accept(Lcom/android/dx/ssa/SsaInsn$Visitor;)V @ 9
Event: 0.586 Thread 0x000000000b46f800 Uncommon trap: reason=class_check action=maybe_recompile pc=0x0000000002ee6e34 method=com.android.dx.ssa.NormalSsaInsn.accept(Lcom/android/dx/ssa/SsaInsn$Visitor;)V @ 9

Internal exceptions (10 events):
Event: 0.410 Thread 0x000000000b470800 Threw 0x00000000eba74c48 at C:\re\jdk7u67\1368\hotspot\src\share\vm\prims\jvm.cpp:1244
Event: 0.410 Thread 0x000000000b470800 Threw 0x00000000eba7a388 at C:\re\jdk7u67\1368\hotspot\src\share\vm\prims\jvm.cpp:1244
Event: 0.411 Thread 0x000000000b470800 Threw 0x00000000eba7f7a0 at C:\re\jdk7u67\1368\hotspot\src\share\vm\prims\jvm.cpp:1244
Event: 0.415 Thread 0x000000000b43e800 Threw 0x00000000eb4388e0 at C:\re\jdk7u67\1368\hotspot\src\share\vm\prims\jvm.cpp:1244
Event: 0.417 Thread 0x0000000002d70800 Threw 0x00000000eb86a6d8 at C:\re\jdk7u67\1368\hotspot\src\share\vm\prims\jvm.cpp:1244
Event: 0.432 Thread 0x000000000b47a000 Threw 0x00000000eb7e4f30 at C:\re\jdk7u67\1368\hotspot\src\share\vm\prims\jvm.cpp:1244
Event: 0.483 Thread 0x000000000b47a000 Threw 0x00000000ebbdd588 at C:\re\jdk7u67\1368\hotspot\src\share\vm\prims\jvm.cpp:1244
Event: 0.528 Thread 0x000000000b47a000 Threw 0x00000000ebc2df18 at C:\re\jdk7u67\1368\hotspot\src\share\vm\prims\jvm.cpp:1244
Event: 0.568 Thread 0x0000000002d70800 Threw 0x00000000ec03bc38 at C:\re\jdk7u67\1368\hotspot\src\share\vm\prims\jvm.cpp:1244
Event: 0.571 Thread 0x0000000002d70800 Threw 0x00000000ec04cca8 at C:\re\jdk7u67\1368\hotspot\src\share\vm\prims\jvm.cpp:1244

Events (10 events):
Event: 0.568 loading class 0x000000000b3b5a80 done
Event: 0.571 loading class 0x000000000b39b6e0
Event: 0.571 loading class 0x000000000b39b6e0 done
Event: 0.586 Thread 0x000000000b46f800 Uncommon trap: trap_request=0xffffffde fr.pc=0x0000000002ee6e34
Event: 0.586 Thread 0x000000000b46f800 DEOPT PACKING pc=0x0000000002ee6e34 sp=0x000000000bf4e7d0
Event: 0.586 Thread 0x000000000b46f800 DEOPT UNPACKING pc=0x0000000002ea75a4 sp=0x000000000bf4e720 mode 2
Event: 0.622 loading class 0x0000000002df3f10
Event: 0.622 loading class 0x0000000002df3f10 done
Event: 0.672 Executing VM operation: ParallelGCFailedAllocation
Event: 0.697 Executing VM operation: ParallelGCFailedAllocation done


Dynamic libraries:
0x00007ff754120000 - 0x00007ff754153000 	D:\Java\Java_jdk\bin\java.exe
0x00007ff87a750000 - 0x00007ff87a911000 	C:\WINDOWS\SYSTEM32\ntdll.dll
0x00007ff87a6a0000 - 0x00007ff87a74d000 	C:\WINDOWS\system32\KERNEL32.DLL
0x00007ff8772a0000 - 0x00007ff877488000 	C:\WINDOWS\system32\KERNELBASE.dll
0x00007ff87a5f0000 - 0x00007ff87a697000 	C:\WINDOWS\system32\ADVAPI32.dll
0x00007ff87a0d0000 - 0x00007ff87a16d000 	C:\WINDOWS\system32\msvcrt.dll
0x00007ff877b50000 - 0x00007ff877bab000 	C:\WINDOWS\system32\sechost.dll
0x00007ff878320000 - 0x00007ff87843c000 	C:\WINDOWS\system32\RPCRT4.dll
0x00007ff878110000 - 0x00007ff878266000 	C:\WINDOWS\system32\USER32.dll
0x00007ff87a3f0000 - 0x00007ff87a576000 	C:\WINDOWS\system32\GDI32.dll
0x00007ff873af0000 - 0x00007ff873d64000 	C:\WINDOWS\WinSxS\amd64_microsoft.windows.common-controls_6595b64144ccf1df_6.0.10586.0_none_8c15ae12515e1c22\COMCTL32.dll
0x00007ff878510000 - 0x00007ff87878d000 	C:\WINDOWS\system32\combase.dll
0x00007ff877490000 - 0x00007ff8774fa000 	C:\WINDOWS\system32\bcryptPrimitives.dll
0x00007ff87a3b0000 - 0x00007ff87a3eb000 	C:\WINDOWS\system32\IMM32.DLL
0x000000005e8a0000 - 0x000000005e972000 	D:\Java\Java_jdk\jre\bin\msvcr100.dll
0x000000005ee50000 - 0x000000005f622000 	D:\Java\Java_jdk\jre\bin\server\jvm.dll
0x00007ff8788f0000 - 0x00007ff8788f8000 	C:\WINDOWS\system32\PSAPI.DLL
0x00007ff863a20000 - 0x00007ff863a29000 	C:\WINDOWS\SYSTEM32\WSOCK32.dll
0x00007ff875440000 - 0x00007ff875463000 	C:\WINDOWS\SYSTEM32\WINMM.dll
0x00007ff87a320000 - 0x00007ff87a38b000 	C:\WINDOWS\system32\WS2_32.dll
0x00007ff875410000 - 0x00007ff87543c000 	C:\WINDOWS\SYSTEM32\WINMMBASE.dll
0x00007ff8770e0000 - 0x00007ff877123000 	C:\WINDOWS\system32\cfgmgr32.dll
0x000000005ed60000 - 0x000000005ed6f000 	D:\Java\Java_jdk\jre\bin\verify.dll
0x000000005ed30000 - 0x000000005ed58000 	D:\Java\Java_jdk\jre\bin\java.dll
0x000000005ed10000 - 0x000000005ed25000 	D:\Java\Java_jdk\jre\bin\zip.dll
0x000000005ecf0000 - 0x000000005ed09000 	D:\Java\Java_jdk\jre\bin\net.dll
0x00007ff8766a0000 - 0x00007ff8766fc000 	C:\WINDOWS\system32\mswsock.dll
0x000000005ecd0000 - 0x000000005ece1000 	D:\Java\Java_jdk\jre\bin\nio.dll

VM Arguments:
jvm_args: -Djava.awt.headless=true -Xmx1024M -Dfile.encoding=GBK -Duser.country=CN -Duser.language=zh -Duser.variant 
java_command: com.android.dx.command.Main --dex --num-threads=4 --output D:\Studio_workplace\Day030_FragmentScreanAdapter\app\build\intermediates\pre-dexed\debug\com.android.support-appcompat-v7-23.4.0_1655808cc6554dcf668ee73d4733f9591d952636.jar D:\Studio_workplace\Day030_FragmentScreanAdapter\app\build\intermediates\exploded-aar\com.android.support\appcompat-v7\23.4.0\jars\classes.jar
Launcher Type: SUN_STANDARD

Environment Variables:
JAVA_HOME=D:\Java\Java_jdk
CLASSPATH=D:\Java\Java_jdk\lib
PATH=D:\Java\Java_jdk\bin;C:\Program Files (x86)\Intel\iCLS Client\;C:\Program Files\Intel\iCLS Client\;C:\Program Files (x86)\NVIDIA Corporation\PhysX\Common;C:\WINDOWS\system32;C:\WINDOWS;C:\WINDOWS\System32\Wbem;C:\WINDOWS\System32\WindowsPowerShell\v1.0\;C:\Program Files\Intel\Intel(R) Management Engine Components\DAL;C:\Program Files (x86)\Intel\Intel(R) Management Engine Components\DAL;C:\Program Files\Intel\Intel(R) Management Engine Components\IPT;C:\Program Files (x86)\Intel\Intel(R) Management Engine Components\IPT;C:\Program Files\Intel\WiFi\bin\;C:\Program Files\Common Files\Intel\WirelessCommon\
USERNAME=yufeng
OS=Windows_NT
PROCESSOR_IDENTIFIER=Intel64 Family 6 Model 60 Stepping 3, GenuineIntel



---------------  S Y S T E M  ---------------

OS: Windows 8.1 , 64 bit Build 9600 

CPU:total 8 (4 cores per cpu, 2 threads per core) family 6 model 60 stepping 3, cmov, cx8, fxsr, mmx, sse, sse2, sse3, ssse3, sse4.1, sse4.2, popcnt, avx, avx2, aes, erms, ht, tsc, tscinvbit

Memory: 4k page, physical 8302412k(1907112k free), swap 21346244k(6496k free)

vm_info: Java HotSpot(TM) 64-Bit Server VM (24.65-b04) for windows-amd64 JRE (1.7.0_67-b01), built on Jul 25 2014 08:55:00 by "java_re" with unknown MS VC++:1600

time: Fri Jul 08 15:08:35 2016
elapsed time: 0 seconds

